{"/Users/anastasiiariabets/Desktop/galactic-age/src/js/person.js": {"path":"/Users/anastasiiariabets/Desktop/galactic-age/src/js/person.js","statementMap":{"0":{"start":{"line":3,"column":4},"end":{"line":3,"column":33}}},"fnMap":{"0":{"name":"(anonymous_0)","decl":{"start":{"line":2,"column":2},"end":{"line":2,"column":3}},"loc":{"start":{"line":2,"column":26},"end":{"line":4,"column":3}},"line":2}},"branchMap":{},"s":{"0":1},"f":{"0":1},"b":{},"_coverageSchema":"1a1c01bbd47fc00a2c39e90264f33305004495a9","hash":"fffb5acc726c58ac001456d0961f6c0829c9a719"}
}
