{"/Users/anastasiiariabets/Desktop/galactic-age/src/js/person.js": {"path":"/Users/anastasiiariabets/Desktop/galactic-age/src/js/person.js","statementMap":{"0":{"start":{"line":3,"column":4},"end":{"line":3,"column":33}},"1":{"start":{"line":4,"column":4},"end":{"line":4,"column":29}},"2":{"start":{"line":5,"column":4},"end":{"line":5,"column":23}},"3":{"start":{"line":6,"column":4},"end":{"line":6,"column":23}},"4":{"start":{"line":7,"column":4},"end":{"line":7,"column":23}},"5":{"start":{"line":8,"column":4},"end":{"line":8,"column":29}},"6":{"start":{"line":9,"column":4},"end":{"line":9,"column":23}},"7":{"start":{"line":10,"column":4},"end":{"line":10,"column":25}},"8":{"start":{"line":15,"column":4},"end":{"line":40,"column":5}},"9":{"start":{"line":17,"column":8},"end":{"line":17,"column":61}},"10":{"start":{"line":18,"column":8},"end":{"line":18,"column":14}},"11":{"start":{"line":20,"column":8},"end":{"line":20,"column":61}},"12":{"start":{"line":21,"column":8},"end":{"line":21,"column":14}},"13":{"start":{"line":23,"column":8},"end":{"line":23,"column":61}},"14":{"start":{"line":24,"column":8},"end":{"line":24,"column":14}},"15":{"start":{"line":26,"column":8},"end":{"line":26,"column":62}},"16":{"start":{"line":27,"column":8},"end":{"line":27,"column":14}},"17":{"start":{"line":29,"column":8},"end":{"line":29,"column":62}},"18":{"start":{"line":30,"column":8},"end":{"line":30,"column":14}},"19":{"start":{"line":32,"column":8},"end":{"line":32,"column":62}},"20":{"start":{"line":33,"column":8},"end":{"line":33,"column":14}},"21":{"start":{"line":35,"column":8},"end":{"line":35,"column":62}},"22":{"start":{"line":36,"column":8},"end":{"line":36,"column":14}},"23":{"start":{"line":38,"column":8},"end":{"line":38,"column":63}},"24":{"start":{"line":39,"column":8},"end":{"line":39,"column":14}},"25":{"start":{"line":41,"column":4},"end":{"line":41,"column":23}},"26":{"start":{"line":45,"column":4},"end":{"line":52,"column":5}},"27":{"start":{"line":47,"column":8},"end":{"line":47,"column":33}},"28":{"start":{"line":48,"column":8},"end":{"line":48,"column":14}},"29":{"start":{"line":50,"column":8},"end":{"line":50,"column":33}},"30":{"start":{"line":51,"column":8},"end":{"line":51,"column":14}},"31":{"start":{"line":53,"column":4},"end":{"line":60,"column":5}},"32":{"start":{"line":55,"column":8},"end":{"line":55,"column":33}},"33":{"start":{"line":56,"column":8},"end":{"line":56,"column":14}},"34":{"start":{"line":58,"column":8},"end":{"line":58,"column":33}},"35":{"start":{"line":59,"column":8},"end":{"line":59,"column":14}},"36":{"start":{"line":61,"column":4},"end":{"line":68,"column":5}},"37":{"start":{"line":63,"column":8},"end":{"line":63,"column":33}},"38":{"start":{"line":64,"column":8},"end":{"line":64,"column":14}},"39":{"start":{"line":66,"column":8},"end":{"line":66,"column":33}},"40":{"start":{"line":67,"column":8},"end":{"line":67,"column":14}},"41":{"start":{"line":69,"column":4},"end":{"line":76,"column":5}},"42":{"start":{"line":71,"column":8},"end":{"line":71,"column":33}},"43":{"start":{"line":72,"column":8},"end":{"line":72,"column":14}},"44":{"start":{"line":74,"column":8},"end":{"line":74,"column":33}},"45":{"start":{"line":75,"column":8},"end":{"line":75,"column":14}},"46":{"start":{"line":80,"column":4},"end":{"line":84,"column":5}},"47":{"start":{"line":81,"column":6},"end":{"line":81,"column":61}},"48":{"start":{"line":83,"column":6},"end":{"line":83,"column":63}}},"fnMap":{"0":{"name":"(anonymous_0)","decl":{"start":{"line":2,"column":2},"end":{"line":2,"column":3}},"loc":{"start":{"line":2,"column":57},"end":{"line":11,"column":3}},"line":2},"1":{"name":"(anonymous_1)","decl":{"start":{"line":13,"column":2},"end":{"line":13,"column":3}},"loc":{"start":{"line":13,"column":34},"end":{"line":42,"column":3}},"line":13},"2":{"name":"(anonymous_2)","decl":{"start":{"line":44,"column":2},"end":{"line":44,"column":3}},"loc":{"start":{"line":44,"column":22},"end":{"line":77,"column":3}},"line":44},"3":{"name":"(anonymous_3)","decl":{"start":{"line":79,"column":2},"end":{"line":79,"column":3}},"loc":{"start":{"line":79,"column":23},"end":{"line":85,"column":3}},"line":79}},"branchMap":{"0":{"loc":{"start":{"line":15,"column":4},"end":{"line":40,"column":5}},"type":"switch","locations":[{"start":{"line":16,"column":6},"end":{"line":18,"column":14}},{"start":{"line":19,"column":6},"end":{"line":21,"column":14}},{"start":{"line":22,"column":6},"end":{"line":24,"column":14}},{"start":{"line":25,"column":6},"end":{"line":27,"column":14}},{"start":{"line":28,"column":6},"end":{"line":30,"column":14}},{"start":{"line":31,"column":6},"end":{"line":33,"column":14}},{"start":{"line":34,"column":6},"end":{"line":36,"column":14}},{"start":{"line":37,"column":6},"end":{"line":39,"column":14}}],"line":15},"1":{"loc":{"start":{"line":45,"column":4},"end":{"line":52,"column":5}},"type":"switch","locations":[{"start":{"line":46,"column":6},"end":{"line":48,"column":14}},{"start":{"line":49,"column":6},"end":{"line":51,"column":14}}],"line":45},"2":{"loc":{"start":{"line":53,"column":4},"end":{"line":60,"column":5}},"type":"switch","locations":[{"start":{"line":54,"column":6},"end":{"line":56,"column":14}},{"start":{"line":57,"column":6},"end":{"line":59,"column":14}}],"line":53},"3":{"loc":{"start":{"line":61,"column":4},"end":{"line":68,"column":5}},"type":"switch","locations":[{"start":{"line":62,"column":6},"end":{"line":64,"column":14}},{"start":{"line":65,"column":6},"end":{"line":67,"column":14}}],"line":61},"4":{"loc":{"start":{"line":69,"column":4},"end":{"line":76,"column":5}},"type":"switch","locations":[{"start":{"line":70,"column":6},"end":{"line":72,"column":14}},{"start":{"line":73,"column":6},"end":{"line":75,"column":14}}],"line":69},"5":{"loc":{"start":{"line":80,"column":4},"end":{"line":84,"column":5}},"type":"if","locations":[{"start":{"line":80,"column":4},"end":{"line":84,"column":5}},{"start":{"line":82,"column":11},"end":{"line":84,"column":5}}],"line":80}},"s":{"0":17,"1":17,"2":17,"3":17,"4":17,"5":17,"6":17,"7":17,"8":9,"9":1,"10":1,"11":1,"12":1,"13":1,"14":1,"15":1,"16":1,"17":1,"18":1,"19":1,"20":1,"21":1,"22":1,"23":1,"24":1,"25":9,"26":5,"27":1,"28":1,"29":1,"30":1,"31":5,"32":1,"33":1,"34":1,"35":1,"36":5,"37":1,"38":1,"39":3,"40":3,"41":5,"42":1,"43":1,"44":3,"45":3,"46":2,"47":1,"48":1},"f":{"0":17,"1":9,"2":5,"3":2},"b":{"0":[1,1,1,1,1,1,1,1],"1":[1,1],"2":[1,1],"3":[1,3],"4":[1,3],"5":[1,1]},"_coverageSchema":"1a1c01bbd47fc00a2c39e90264f33305004495a9","hash":"fa047c69271411d4860ba72bd1633c794c4b73c4"}
}
