TN:
SF:src/js/person.js
FN:2,(anonymous_0)
FN:13,(anonymous_1)
FN:41,(anonymous_2)
FN:76,(anonymous_3)
FNF:4
FNH:4
FNDA:14,(anonymous_0)
FNDA:6,(anonymous_1)
FNDA:5,(anonymous_2)
FNDA:2,(anonymous_3)
DA:3,14
DA:4,14
DA:5,14
DA:6,14
DA:7,14
DA:8,14
DA:9,14
DA:10,14
DA:15,6
DA:17,1
DA:18,1
DA:20,1
DA:21,1
DA:23,1
DA:24,1
DA:26,1
DA:27,1
DA:29,1
DA:30,1
DA:32,1
DA:33,1
DA:35,0
DA:36,0
DA:38,6
DA:42,5
DA:44,1
DA:45,1
DA:47,1
DA:48,1
DA:50,5
DA:52,1
DA:53,1
DA:55,1
DA:56,1
DA:58,5
DA:60,1
DA:61,1
DA:63,3
DA:64,3
DA:66,5
DA:68,1
DA:69,1
DA:71,3
DA:72,3
DA:77,2
DA:78,1
DA:80,1
LF:47
LH:45
BRDA:15,0,0,1
BRDA:15,0,1,1
BRDA:15,0,2,1
BRDA:15,0,3,1
BRDA:15,0,4,1
BRDA:15,0,5,1
BRDA:15,0,6,0
BRDA:42,1,0,1
BRDA:42,1,1,1
BRDA:50,2,0,1
BRDA:50,2,1,1
BRDA:58,3,0,1
BRDA:58,3,1,3
BRDA:66,4,0,1
BRDA:66,4,1,3
BRDA:77,5,0,1
BRDA:77,5,1,1
BRF:17
BRH:16
end_of_record
