TN:
SF:src/js/person.js
FN:2,(anonymous_0)
FN:15,(anonymous_1)
FN:20,(anonymous_2)
FN:25,(anonymous_3)
FN:30,(anonymous_4)
FN:35,(anonymous_5)
FNF:6
FNH:6
FNDA:10,(anonymous_0)
FNDA:1,(anonymous_1)
FNDA:1,(anonymous_2)
FNDA:1,(anonymous_3)
FNDA:1,(anonymous_4)
FNDA:3,(anonymous_5)
DA:3,10
DA:4,10
DA:5,10
DA:6,10
DA:7,10
DA:8,10
DA:9,10
DA:10,10
DA:11,10
DA:12,10
DA:16,1
DA:17,1
DA:21,1
DA:22,1
DA:26,1
DA:27,1
DA:31,1
DA:32,1
DA:36,3
DA:38,1
DA:39,1
DA:41,1
DA:42,1
DA:44,1
DA:45,1
DA:47,3
DA:49,1
DA:50,1
DA:52,1
DA:53,1
DA:55,1
DA:56,1
DA:58,3
DA:60,1
DA:61,1
DA:63,1
DA:64,1
DA:66,1
DA:67,1
DA:69,3
DA:71,1
DA:72,1
DA:74,1
DA:75,1
DA:77,1
DA:78,1
LF:46
LH:46
BRDA:36,0,0,1
BRDA:36,0,1,1
BRDA:36,0,2,1
BRDA:47,1,0,1
BRDA:47,1,1,1
BRDA:47,1,2,1
BRDA:58,2,0,1
BRDA:58,2,1,1
BRDA:58,2,2,1
BRDA:69,3,0,1
BRDA:69,3,1,1
BRDA:69,3,2,1
BRF:12
BRH:12
end_of_record
